[2022-06-01 15:05:19,443] {taskinstance.py:1032} INFO - Dependencies all met for <TaskInstance: data_ingestion_gcs_dag.download_dataset_task manual__2022-06-01T15:00:05.296284+00:00 [queued]>
[2022-06-01 15:05:19,455] {taskinstance.py:1032} INFO - Dependencies all met for <TaskInstance: data_ingestion_gcs_dag.download_dataset_task manual__2022-06-01T15:00:05.296284+00:00 [queued]>
[2022-06-01 15:05:19,455] {taskinstance.py:1238} INFO - 
--------------------------------------------------------------------------------
[2022-06-01 15:05:19,455] {taskinstance.py:1239} INFO - Starting attempt 1 of 2
[2022-06-01 15:05:19,456] {taskinstance.py:1240} INFO - 
--------------------------------------------------------------------------------
[2022-06-01 15:05:19,468] {taskinstance.py:1259} INFO - Executing <Task(BashOperator): download_dataset_task> on 2022-06-01 15:00:05.296284+00:00
[2022-06-01 15:05:19,475] {standard_task_runner.py:52} INFO - Started process 2894 to run task
[2022-06-01 15:05:19,482] {standard_task_runner.py:76} INFO - Running: ['***', 'tasks', 'run', 'data_ingestion_gcs_dag', 'download_dataset_task', 'manual__2022-06-01T15:00:05.296284+00:00', '--job-id', '7', '--raw', '--subdir', 'DAGS_FOLDER/data_ingestion_gcs_dag.py', '--cfg-path', '/tmp/tmpg2oese1d', '--error-file', '/tmp/tmpsaeun427']
[2022-06-01 15:05:19,483] {standard_task_runner.py:77} INFO - Job 7: Subtask download_dataset_task
[2022-06-01 15:05:19,547] {logging_mixin.py:109} INFO - Running <TaskInstance: data_ingestion_gcs_dag.download_dataset_task manual__2022-06-01T15:00:05.296284+00:00 [running]> on host 764738f17ff7
[2022-06-01 15:05:19,609] {taskinstance.py:1426} INFO - Exporting the following env vars:
AIRFLOW_CTX_DAG_OWNER=***
AIRFLOW_CTX_DAG_ID=data_ingestion_gcs_dag
AIRFLOW_CTX_TASK_ID=download_dataset_task
AIRFLOW_CTX_EXECUTION_DATE=2022-06-01T15:00:05.296284+00:00
AIRFLOW_CTX_DAG_RUN_ID=manual__2022-06-01T15:00:05.296284+00:00
[2022-06-01 15:05:19,611] {subprocess.py:62} INFO - Tmp dir root location: 
 /tmp
[2022-06-01 15:05:19,612] {subprocess.py:74} INFO - Running command: ['bash', '-c', 'curl -sSL https://s3.amazonaws.com/nyc-tlc/csv_backup/yellow_tripdata_2021-01.csv > /opt/***/yellow_tripdata_2021-01.csv']
[2022-06-01 15:05:19,626] {subprocess.py:85} INFO - Output:
[2022-06-01 15:05:22,712] {subprocess.py:93} INFO - Command exited with return code 0
[2022-06-01 15:05:22,749] {taskinstance.py:1277} INFO - Marking task as SUCCESS. dag_id=data_ingestion_gcs_dag, task_id=download_dataset_task, execution_date=20220601T150005, start_date=20220601T150519, end_date=20220601T150522
[2022-06-01 15:05:22,794] {local_task_job.py:154} INFO - Task exited with return code 0
[2022-06-01 15:05:22,855] {local_task_job.py:264} INFO - 1 downstream tasks scheduled from follow-on schedule check
