[2022-06-01 19:13:39,379] {taskinstance.py:1032} INFO - Dependencies all met for <TaskInstance: data_ingestion_gcs_dag.download_dataset_task manual__2022-06-01T19:13:37.843495+00:00 [queued]>
[2022-06-01 19:13:39,391] {taskinstance.py:1032} INFO - Dependencies all met for <TaskInstance: data_ingestion_gcs_dag.download_dataset_task manual__2022-06-01T19:13:37.843495+00:00 [queued]>
[2022-06-01 19:13:39,391] {taskinstance.py:1238} INFO - 
--------------------------------------------------------------------------------
[2022-06-01 19:13:39,391] {taskinstance.py:1239} INFO - Starting attempt 1 of 2
[2022-06-01 19:13:39,391] {taskinstance.py:1240} INFO - 
--------------------------------------------------------------------------------
[2022-06-01 19:13:39,404] {taskinstance.py:1259} INFO - Executing <Task(BashOperator): download_dataset_task> on 2022-06-01 19:13:37.843495+00:00
[2022-06-01 19:13:39,411] {standard_task_runner.py:52} INFO - Started process 500 to run task
[2022-06-01 19:13:39,416] {standard_task_runner.py:76} INFO - Running: ['***', 'tasks', 'run', 'data_ingestion_gcs_dag', 'download_dataset_task', 'manual__2022-06-01T19:13:37.843495+00:00', '--job-id', '105', '--raw', '--subdir', 'DAGS_FOLDER/data_ingestion_gcs_dag.py', '--cfg-path', '/tmp/tmpmk8saj90', '--error-file', '/tmp/tmpw21ycrri']
[2022-06-01 19:13:39,417] {standard_task_runner.py:77} INFO - Job 105: Subtask download_dataset_task
[2022-06-01 19:13:39,480] {logging_mixin.py:109} INFO - Running <TaskInstance: data_ingestion_gcs_dag.download_dataset_task manual__2022-06-01T19:13:37.843495+00:00 [running]> on host 7a3e706deb2e
[2022-06-01 19:13:39,543] {taskinstance.py:1426} INFO - Exporting the following env vars:
AIRFLOW_CTX_DAG_OWNER=***
AIRFLOW_CTX_DAG_ID=data_ingestion_gcs_dag
AIRFLOW_CTX_TASK_ID=download_dataset_task
AIRFLOW_CTX_EXECUTION_DATE=2022-06-01T19:13:37.843495+00:00
AIRFLOW_CTX_DAG_RUN_ID=manual__2022-06-01T19:13:37.843495+00:00
[2022-06-01 19:13:39,545] {subprocess.py:62} INFO - Tmp dir root location: 
 /tmp
[2022-06-01 19:13:39,545] {subprocess.py:74} INFO - Running command: ['bash', '-c', 'curl -sSL https://s3.amazonaws.com/nyc-tlc/csv_backup/yellow_tripdata_2021-01.csv > /opt/***/yellow_tripdata_2021-01.csv']
[2022-06-01 19:13:39,564] {subprocess.py:85} INFO - Output:
[2022-06-01 19:13:42,267] {subprocess.py:93} INFO - Command exited with return code 0
[2022-06-01 19:13:42,297] {taskinstance.py:1277} INFO - Marking task as SUCCESS. dag_id=data_ingestion_gcs_dag, task_id=download_dataset_task, execution_date=20220601T191337, start_date=20220601T191339, end_date=20220601T191342
[2022-06-01 19:13:42,325] {local_task_job.py:154} INFO - Task exited with return code 0
[2022-06-01 19:13:42,370] {local_task_job.py:264} INFO - 1 downstream tasks scheduled from follow-on schedule check
