[2022-06-01 15:10:37,408] {taskinstance.py:1032} INFO - Dependencies all met for <TaskInstance: data_ingestion_gcs_dag.format_to_parquet_task manual__2022-06-01T15:00:05.343661+00:00 [queued]>
[2022-06-01 15:10:37,428] {taskinstance.py:1032} INFO - Dependencies all met for <TaskInstance: data_ingestion_gcs_dag.format_to_parquet_task manual__2022-06-01T15:00:05.343661+00:00 [queued]>
[2022-06-01 15:10:37,428] {taskinstance.py:1238} INFO - 
--------------------------------------------------------------------------------
[2022-06-01 15:10:37,429] {taskinstance.py:1239} INFO - Starting attempt 1 of 2
[2022-06-01 15:10:37,429] {taskinstance.py:1240} INFO - 
--------------------------------------------------------------------------------
[2022-06-01 15:10:37,446] {taskinstance.py:1259} INFO - Executing <Task(PythonOperator): format_to_parquet_task> on 2022-06-01 15:00:05.343661+00:00
[2022-06-01 15:10:37,453] {standard_task_runner.py:52} INFO - Started process 3137 to run task
[2022-06-01 15:10:37,464] {standard_task_runner.py:76} INFO - Running: ['***', 'tasks', 'run', 'data_ingestion_gcs_dag', 'format_to_parquet_task', 'manual__2022-06-01T15:00:05.343661+00:00', '--job-id', '12', '--raw', '--subdir', 'DAGS_FOLDER/data_ingestion_gcs_dag.py', '--cfg-path', '/tmp/tmpu4zsmscj', '--error-file', '/tmp/tmpy97xzf77']
[2022-06-01 15:10:37,465] {standard_task_runner.py:77} INFO - Job 12: Subtask format_to_parquet_task
[2022-06-01 15:10:37,539] {logging_mixin.py:109} INFO - Running <TaskInstance: data_ingestion_gcs_dag.format_to_parquet_task manual__2022-06-01T15:00:05.343661+00:00 [running]> on host 764738f17ff7
[2022-06-01 15:10:37,611] {taskinstance.py:1426} INFO - Exporting the following env vars:
AIRFLOW_CTX_DAG_OWNER=***
AIRFLOW_CTX_DAG_ID=data_ingestion_gcs_dag
AIRFLOW_CTX_TASK_ID=format_to_parquet_task
AIRFLOW_CTX_EXECUTION_DATE=2022-06-01T15:00:05.343661+00:00
AIRFLOW_CTX_DAG_RUN_ID=manual__2022-06-01T15:00:05.343661+00:00
[2022-06-01 15:10:39,053] {python.py:175} INFO - Done. Returned value was: None
[2022-06-01 15:10:39,067] {taskinstance.py:1277} INFO - Marking task as SUCCESS. dag_id=data_ingestion_gcs_dag, task_id=format_to_parquet_task, execution_date=20220601T150005, start_date=20220601T151037, end_date=20220601T151039
[2022-06-01 15:10:39,121] {local_task_job.py:154} INFO - Task exited with return code 0
[2022-06-01 15:10:39,165] {local_task_job.py:264} INFO - 1 downstream tasks scheduled from follow-on schedule check
