[2022-06-01 16:46:49,544] {taskinstance.py:1032} INFO - Dependencies all met for <TaskInstance: data_ingestion_gcs_dag.download_dataset_task manual__2022-06-01T16:43:04.302038+00:00 [queued]>
[2022-06-01 16:46:49,556] {taskinstance.py:1032} INFO - Dependencies all met for <TaskInstance: data_ingestion_gcs_dag.download_dataset_task manual__2022-06-01T16:43:04.302038+00:00 [queued]>
[2022-06-01 16:46:49,556] {taskinstance.py:1238} INFO - 
--------------------------------------------------------------------------------
[2022-06-01 16:46:49,556] {taskinstance.py:1239} INFO - Starting attempt 1 of 2
[2022-06-01 16:46:49,557] {taskinstance.py:1240} INFO - 
--------------------------------------------------------------------------------
[2022-06-01 16:46:49,570] {taskinstance.py:1259} INFO - Executing <Task(BashOperator): download_dataset_task> on 2022-06-01 16:43:04.302038+00:00
[2022-06-01 16:46:49,576] {standard_task_runner.py:52} INFO - Started process 604 to run task
[2022-06-01 16:46:49,581] {standard_task_runner.py:76} INFO - Running: ['***', 'tasks', 'run', 'data_ingestion_gcs_dag', 'download_dataset_task', 'manual__2022-06-01T16:43:04.302038+00:00', '--job-id', '47', '--raw', '--subdir', 'DAGS_FOLDER/data_ingestion_gcs_dag.py', '--cfg-path', '/tmp/tmp3scwhb45', '--error-file', '/tmp/tmpkyh86fdq']
[2022-06-01 16:46:49,582] {standard_task_runner.py:77} INFO - Job 47: Subtask download_dataset_task
[2022-06-01 16:46:49,647] {logging_mixin.py:109} INFO - Running <TaskInstance: data_ingestion_gcs_dag.download_dataset_task manual__2022-06-01T16:43:04.302038+00:00 [running]> on host 538ff86374f5
[2022-06-01 16:46:49,712] {taskinstance.py:1426} INFO - Exporting the following env vars:
AIRFLOW_CTX_DAG_OWNER=***
AIRFLOW_CTX_DAG_ID=data_ingestion_gcs_dag
AIRFLOW_CTX_TASK_ID=download_dataset_task
AIRFLOW_CTX_EXECUTION_DATE=2022-06-01T16:43:04.302038+00:00
AIRFLOW_CTX_DAG_RUN_ID=manual__2022-06-01T16:43:04.302038+00:00
[2022-06-01 16:46:49,714] {subprocess.py:62} INFO - Tmp dir root location: 
 /tmp
[2022-06-01 16:46:49,715] {subprocess.py:74} INFO - Running command: ['bash', '-c', 'curl -sSL https://s3.amazonaws.com/nyc-tlc/csv_backup/yellow_tripdata_2021-01.csv > /opt/***/yellow_tripdata_2021-01.csv']
[2022-06-01 16:46:49,730] {subprocess.py:85} INFO - Output:
[2022-06-01 16:46:52,539] {subprocess.py:93} INFO - Command exited with return code 0
[2022-06-01 16:46:52,620] {taskinstance.py:1277} INFO - Marking task as SUCCESS. dag_id=data_ingestion_gcs_dag, task_id=download_dataset_task, execution_date=20220601T164304, start_date=20220601T164649, end_date=20220601T164652
[2022-06-01 16:46:52,686] {local_task_job.py:154} INFO - Task exited with return code 0
[2022-06-01 16:46:52,752] {local_task_job.py:264} INFO - 1 downstream tasks scheduled from follow-on schedule check
