[2022-06-01 19:13:43,380] {taskinstance.py:1032} INFO - Dependencies all met for <TaskInstance: data_ingestion_gcs_dag.format_to_parquet_task manual__2022-06-01T19:13:37.843495+00:00 [queued]>
[2022-06-01 19:13:43,395] {taskinstance.py:1032} INFO - Dependencies all met for <TaskInstance: data_ingestion_gcs_dag.format_to_parquet_task manual__2022-06-01T19:13:37.843495+00:00 [queued]>
[2022-06-01 19:13:43,395] {taskinstance.py:1238} INFO - 
--------------------------------------------------------------------------------
[2022-06-01 19:13:43,395] {taskinstance.py:1239} INFO - Starting attempt 1 of 2
[2022-06-01 19:13:43,395] {taskinstance.py:1240} INFO - 
--------------------------------------------------------------------------------
[2022-06-01 19:13:43,410] {taskinstance.py:1259} INFO - Executing <Task(PythonOperator): format_to_parquet_task> on 2022-06-01 19:13:37.843495+00:00
[2022-06-01 19:13:43,417] {standard_task_runner.py:52} INFO - Started process 506 to run task
[2022-06-01 19:13:43,422] {standard_task_runner.py:76} INFO - Running: ['***', 'tasks', 'run', 'data_ingestion_gcs_dag', 'format_to_parquet_task', 'manual__2022-06-01T19:13:37.843495+00:00', '--job-id', '106', '--raw', '--subdir', 'DAGS_FOLDER/data_ingestion_gcs_dag.py', '--cfg-path', '/tmp/tmpfi3xb5i7', '--error-file', '/tmp/tmp_hvd4jkl']
[2022-06-01 19:13:43,423] {standard_task_runner.py:77} INFO - Job 106: Subtask format_to_parquet_task
[2022-06-01 19:13:43,492] {logging_mixin.py:109} INFO - Running <TaskInstance: data_ingestion_gcs_dag.format_to_parquet_task manual__2022-06-01T19:13:37.843495+00:00 [running]> on host 7a3e706deb2e
[2022-06-01 19:13:43,588] {taskinstance.py:1426} INFO - Exporting the following env vars:
AIRFLOW_CTX_DAG_OWNER=***
AIRFLOW_CTX_DAG_ID=data_ingestion_gcs_dag
AIRFLOW_CTX_TASK_ID=format_to_parquet_task
AIRFLOW_CTX_EXECUTION_DATE=2022-06-01T19:13:37.843495+00:00
AIRFLOW_CTX_DAG_RUN_ID=manual__2022-06-01T19:13:37.843495+00:00
[2022-06-01 19:13:46,232] {python.py:175} INFO - Done. Returned value was: None
[2022-06-01 19:13:46,253] {taskinstance.py:1277} INFO - Marking task as SUCCESS. dag_id=data_ingestion_gcs_dag, task_id=format_to_parquet_task, execution_date=20220601T191337, start_date=20220601T191343, end_date=20220601T191346
[2022-06-01 19:13:46,332] {local_task_job.py:154} INFO - Task exited with return code 0
[2022-06-01 19:13:46,402] {local_task_job.py:264} INFO - 1 downstream tasks scheduled from follow-on schedule check
