[2022-06-01 17:47:14,299] {taskinstance.py:1032} INFO - Dependencies all met for <TaskInstance: data_ingestion_gcs_dag.format_to_parquet_task manual__2022-06-01T17:47:07.568664+00:00 [queued]>
[2022-06-01 17:47:14,312] {taskinstance.py:1032} INFO - Dependencies all met for <TaskInstance: data_ingestion_gcs_dag.format_to_parquet_task manual__2022-06-01T17:47:07.568664+00:00 [queued]>
[2022-06-01 17:47:14,312] {taskinstance.py:1238} INFO - 
--------------------------------------------------------------------------------
[2022-06-01 17:47:14,312] {taskinstance.py:1239} INFO - Starting attempt 1 of 2
[2022-06-01 17:47:14,312] {taskinstance.py:1240} INFO - 
--------------------------------------------------------------------------------
[2022-06-01 17:47:14,327] {taskinstance.py:1259} INFO - Executing <Task(PythonOperator): format_to_parquet_task> on 2022-06-01 17:47:07.568664+00:00
[2022-06-01 17:47:14,333] {standard_task_runner.py:52} INFO - Started process 103 to run task
[2022-06-01 17:47:14,340] {standard_task_runner.py:76} INFO - Running: ['***', 'tasks', 'run', 'data_ingestion_gcs_dag', 'format_to_parquet_task', 'manual__2022-06-01T17:47:07.568664+00:00', '--job-id', '82', '--raw', '--subdir', 'DAGS_FOLDER/data_ingestion_gcs_dag.py', '--cfg-path', '/tmp/tmpolna4rot', '--error-file', '/tmp/tmp_3zoybh2']
[2022-06-01 17:47:14,341] {standard_task_runner.py:77} INFO - Job 82: Subtask format_to_parquet_task
[2022-06-01 17:47:14,409] {logging_mixin.py:109} INFO - Running <TaskInstance: data_ingestion_gcs_dag.format_to_parquet_task manual__2022-06-01T17:47:07.568664+00:00 [running]> on host c087b335f5d9
[2022-06-01 17:47:14,470] {taskinstance.py:1426} INFO - Exporting the following env vars:
AIRFLOW_CTX_DAG_OWNER=***
AIRFLOW_CTX_DAG_ID=data_ingestion_gcs_dag
AIRFLOW_CTX_TASK_ID=format_to_parquet_task
AIRFLOW_CTX_EXECUTION_DATE=2022-06-01T17:47:07.568664+00:00
AIRFLOW_CTX_DAG_RUN_ID=manual__2022-06-01T17:47:07.568664+00:00
[2022-06-01 17:47:16,745] {python.py:175} INFO - Done. Returned value was: None
[2022-06-01 17:47:16,766] {taskinstance.py:1277} INFO - Marking task as SUCCESS. dag_id=data_ingestion_gcs_dag, task_id=format_to_parquet_task, execution_date=20220601T174707, start_date=20220601T174714, end_date=20220601T174716
[2022-06-01 17:47:16,867] {local_task_job.py:154} INFO - Task exited with return code 0
[2022-06-01 17:47:16,934] {local_task_job.py:264} INFO - 1 downstream tasks scheduled from follow-on schedule check
