[2022-06-01 16:31:26,834] {taskinstance.py:1032} INFO - Dependencies all met for <TaskInstance: data_ingestion_gcs_dag.format_to_parquet_task manual__2022-06-01T16:31:19.877566+00:00 [queued]>
[2022-06-01 16:31:26,848] {taskinstance.py:1032} INFO - Dependencies all met for <TaskInstance: data_ingestion_gcs_dag.format_to_parquet_task manual__2022-06-01T16:31:19.877566+00:00 [queued]>
[2022-06-01 16:31:26,848] {taskinstance.py:1238} INFO - 
--------------------------------------------------------------------------------
[2022-06-01 16:31:26,848] {taskinstance.py:1239} INFO - Starting attempt 1 of 2
[2022-06-01 16:31:26,849] {taskinstance.py:1240} INFO - 
--------------------------------------------------------------------------------
[2022-06-01 16:31:26,862] {taskinstance.py:1259} INFO - Executing <Task(PythonOperator): format_to_parquet_task> on 2022-06-01 16:31:19.877566+00:00
[2022-06-01 16:31:26,870] {standard_task_runner.py:52} INFO - Started process 2366 to run task
[2022-06-01 16:31:26,875] {standard_task_runner.py:76} INFO - Running: ['***', 'tasks', 'run', 'data_ingestion_gcs_dag', 'format_to_parquet_task', 'manual__2022-06-01T16:31:19.877566+00:00', '--job-id', '38', '--raw', '--subdir', 'DAGS_FOLDER/data_ingestion_gcs_dag.py', '--cfg-path', '/tmp/tmpp225460o', '--error-file', '/tmp/tmpfc35_bsv']
[2022-06-01 16:31:26,876] {standard_task_runner.py:77} INFO - Job 38: Subtask format_to_parquet_task
[2022-06-01 16:31:26,942] {logging_mixin.py:109} INFO - Running <TaskInstance: data_ingestion_gcs_dag.format_to_parquet_task manual__2022-06-01T16:31:19.877566+00:00 [running]> on host 592cc4c755bb
[2022-06-01 16:31:27,007] {taskinstance.py:1426} INFO - Exporting the following env vars:
AIRFLOW_CTX_DAG_OWNER=***
AIRFLOW_CTX_DAG_ID=data_ingestion_gcs_dag
AIRFLOW_CTX_TASK_ID=format_to_parquet_task
AIRFLOW_CTX_EXECUTION_DATE=2022-06-01T16:31:19.877566+00:00
AIRFLOW_CTX_DAG_RUN_ID=manual__2022-06-01T16:31:19.877566+00:00
[2022-06-01 16:31:28,594] {python.py:175} INFO - Done. Returned value was: None
[2022-06-01 16:31:28,610] {taskinstance.py:1277} INFO - Marking task as SUCCESS. dag_id=data_ingestion_gcs_dag, task_id=format_to_parquet_task, execution_date=20220601T163119, start_date=20220601T163126, end_date=20220601T163128
[2022-06-01 16:31:28,693] {local_task_job.py:154} INFO - Task exited with return code 0
[2022-06-01 16:31:28,743] {local_task_job.py:264} INFO - 1 downstream tasks scheduled from follow-on schedule check
