[2022-06-01 17:51:43,220] {taskinstance.py:1032} INFO - Dependencies all met for <TaskInstance: data_ingestion_gcs_dag.format_to_parquet_task manual__2022-06-01T17:51:15.267543+00:00 [queued]>
[2022-06-01 17:51:43,234] {taskinstance.py:1032} INFO - Dependencies all met for <TaskInstance: data_ingestion_gcs_dag.format_to_parquet_task manual__2022-06-01T17:51:15.267543+00:00 [queued]>
[2022-06-01 17:51:43,235] {taskinstance.py:1238} INFO - 
--------------------------------------------------------------------------------
[2022-06-01 17:51:43,235] {taskinstance.py:1239} INFO - Starting attempt 1 of 2
[2022-06-01 17:51:43,235] {taskinstance.py:1240} INFO - 
--------------------------------------------------------------------------------
[2022-06-01 17:51:43,250] {taskinstance.py:1259} INFO - Executing <Task(PythonOperator): format_to_parquet_task> on 2022-06-01 17:51:15.267543+00:00
[2022-06-01 17:51:43,257] {standard_task_runner.py:52} INFO - Started process 112 to run task
[2022-06-01 17:51:43,264] {standard_task_runner.py:76} INFO - Running: ['***', 'tasks', 'run', 'data_ingestion_gcs_dag', 'format_to_parquet_task', 'manual__2022-06-01T17:51:15.267543+00:00', '--job-id', '87', '--raw', '--subdir', 'DAGS_FOLDER/data_ingestion_gcs_dag.py', '--cfg-path', '/tmp/tmptv4d8r5r', '--error-file', '/tmp/tmprvmct3_t']
[2022-06-01 17:51:43,265] {standard_task_runner.py:77} INFO - Job 87: Subtask format_to_parquet_task
[2022-06-01 17:51:43,338] {logging_mixin.py:109} INFO - Running <TaskInstance: data_ingestion_gcs_dag.format_to_parquet_task manual__2022-06-01T17:51:15.267543+00:00 [running]> on host d0d6e132ca18
[2022-06-01 17:51:43,412] {taskinstance.py:1426} INFO - Exporting the following env vars:
AIRFLOW_CTX_DAG_OWNER=***
AIRFLOW_CTX_DAG_ID=data_ingestion_gcs_dag
AIRFLOW_CTX_TASK_ID=format_to_parquet_task
AIRFLOW_CTX_EXECUTION_DATE=2022-06-01T17:51:15.267543+00:00
AIRFLOW_CTX_DAG_RUN_ID=manual__2022-06-01T17:51:15.267543+00:00
[2022-06-01 17:51:45,080] {python.py:175} INFO - Done. Returned value was: None
[2022-06-01 17:51:45,095] {taskinstance.py:1277} INFO - Marking task as SUCCESS. dag_id=data_ingestion_gcs_dag, task_id=format_to_parquet_task, execution_date=20220601T175115, start_date=20220601T175143, end_date=20220601T175145
[2022-06-01 17:51:45,162] {local_task_job.py:154} INFO - Task exited with return code 0
[2022-06-01 17:51:45,208] {local_task_job.py:264} INFO - 1 downstream tasks scheduled from follow-on schedule check
