[2022-06-01 17:07:40,976] {taskinstance.py:1032} INFO - Dependencies all met for <TaskInstance: data_ingestion_gcs_dag.format_to_parquet_task manual__2022-06-01T17:07:30.988953+00:00 [queued]>
[2022-06-01 17:07:40,991] {taskinstance.py:1032} INFO - Dependencies all met for <TaskInstance: data_ingestion_gcs_dag.format_to_parquet_task manual__2022-06-01T17:07:30.988953+00:00 [queued]>
[2022-06-01 17:07:40,991] {taskinstance.py:1238} INFO - 
--------------------------------------------------------------------------------
[2022-06-01 17:07:40,992] {taskinstance.py:1239} INFO - Starting attempt 1 of 2
[2022-06-01 17:07:40,992] {taskinstance.py:1240} INFO - 
--------------------------------------------------------------------------------
[2022-06-01 17:07:41,007] {taskinstance.py:1259} INFO - Executing <Task(PythonOperator): format_to_parquet_task> on 2022-06-01 17:07:30.988953+00:00
[2022-06-01 17:07:41,016] {standard_task_runner.py:52} INFO - Started process 105 to run task
[2022-06-01 17:07:41,027] {standard_task_runner.py:76} INFO - Running: ['***', 'tasks', 'run', 'data_ingestion_gcs_dag', 'format_to_parquet_task', 'manual__2022-06-01T17:07:30.988953+00:00', '--job-id', '64', '--raw', '--subdir', 'DAGS_FOLDER/data_ingestion_gcs_dag.py', '--cfg-path', '/tmp/tmprc7cvvw9', '--error-file', '/tmp/tmpanwesbod']
[2022-06-01 17:07:41,030] {standard_task_runner.py:77} INFO - Job 64: Subtask format_to_parquet_task
[2022-06-01 17:07:41,131] {logging_mixin.py:109} INFO - Running <TaskInstance: data_ingestion_gcs_dag.format_to_parquet_task manual__2022-06-01T17:07:30.988953+00:00 [running]> on host 36ff87db620e
[2022-06-01 17:07:41,228] {taskinstance.py:1426} INFO - Exporting the following env vars:
AIRFLOW_CTX_DAG_OWNER=***
AIRFLOW_CTX_DAG_ID=data_ingestion_gcs_dag
AIRFLOW_CTX_TASK_ID=format_to_parquet_task
AIRFLOW_CTX_EXECUTION_DATE=2022-06-01T17:07:30.988953+00:00
AIRFLOW_CTX_DAG_RUN_ID=manual__2022-06-01T17:07:30.988953+00:00
[2022-06-01 17:07:43,925] {python.py:175} INFO - Done. Returned value was: None
[2022-06-01 17:07:43,948] {taskinstance.py:1277} INFO - Marking task as SUCCESS. dag_id=data_ingestion_gcs_dag, task_id=format_to_parquet_task, execution_date=20220601T170730, start_date=20220601T170740, end_date=20220601T170743
[2022-06-01 17:07:44,033] {local_task_job.py:154} INFO - Task exited with return code 0
[2022-06-01 17:07:44,102] {local_task_job.py:264} INFO - 1 downstream tasks scheduled from follow-on schedule check
