[2022-06-01 16:46:54,613] {taskinstance.py:1032} INFO - Dependencies all met for <TaskInstance: data_ingestion_gcs_dag.format_to_parquet_task manual__2022-06-01T16:43:04.302038+00:00 [queued]>
[2022-06-01 16:46:54,630] {taskinstance.py:1032} INFO - Dependencies all met for <TaskInstance: data_ingestion_gcs_dag.format_to_parquet_task manual__2022-06-01T16:43:04.302038+00:00 [queued]>
[2022-06-01 16:46:54,630] {taskinstance.py:1238} INFO - 
--------------------------------------------------------------------------------
[2022-06-01 16:46:54,630] {taskinstance.py:1239} INFO - Starting attempt 1 of 2
[2022-06-01 16:46:54,630] {taskinstance.py:1240} INFO - 
--------------------------------------------------------------------------------
[2022-06-01 16:46:54,644] {taskinstance.py:1259} INFO - Executing <Task(PythonOperator): format_to_parquet_task> on 2022-06-01 16:43:04.302038+00:00
[2022-06-01 16:46:54,651] {standard_task_runner.py:52} INFO - Started process 619 to run task
[2022-06-01 16:46:54,657] {standard_task_runner.py:76} INFO - Running: ['***', 'tasks', 'run', 'data_ingestion_gcs_dag', 'format_to_parquet_task', 'manual__2022-06-01T16:43:04.302038+00:00', '--job-id', '48', '--raw', '--subdir', 'DAGS_FOLDER/data_ingestion_gcs_dag.py', '--cfg-path', '/tmp/tmp9w01gdq7', '--error-file', '/tmp/tmpw1ky4d2j']
[2022-06-01 16:46:54,659] {standard_task_runner.py:77} INFO - Job 48: Subtask format_to_parquet_task
[2022-06-01 16:46:54,736] {logging_mixin.py:109} INFO - Running <TaskInstance: data_ingestion_gcs_dag.format_to_parquet_task manual__2022-06-01T16:43:04.302038+00:00 [running]> on host 538ff86374f5
[2022-06-01 16:46:54,811] {taskinstance.py:1426} INFO - Exporting the following env vars:
AIRFLOW_CTX_DAG_OWNER=***
AIRFLOW_CTX_DAG_ID=data_ingestion_gcs_dag
AIRFLOW_CTX_TASK_ID=format_to_parquet_task
AIRFLOW_CTX_EXECUTION_DATE=2022-06-01T16:43:04.302038+00:00
AIRFLOW_CTX_DAG_RUN_ID=manual__2022-06-01T16:43:04.302038+00:00
[2022-06-01 16:46:56,254] {python.py:175} INFO - Done. Returned value was: None
[2022-06-01 16:46:56,268] {taskinstance.py:1277} INFO - Marking task as SUCCESS. dag_id=data_ingestion_gcs_dag, task_id=format_to_parquet_task, execution_date=20220601T164304, start_date=20220601T164654, end_date=20220601T164656
[2022-06-01 16:46:56,319] {local_task_job.py:154} INFO - Task exited with return code 0
[2022-06-01 16:46:56,367] {local_task_job.py:264} INFO - 1 downstream tasks scheduled from follow-on schedule check
