[2022-06-01 17:13:52,030] {taskinstance.py:1032} INFO - Dependencies all met for <TaskInstance: data_ingestion_gcs_dag.format_to_parquet_task manual__2022-06-01T17:13:46.847973+00:00 [queued]>
[2022-06-01 17:13:52,043] {taskinstance.py:1032} INFO - Dependencies all met for <TaskInstance: data_ingestion_gcs_dag.format_to_parquet_task manual__2022-06-01T17:13:46.847973+00:00 [queued]>
[2022-06-01 17:13:52,043] {taskinstance.py:1238} INFO - 
--------------------------------------------------------------------------------
[2022-06-01 17:13:52,043] {taskinstance.py:1239} INFO - Starting attempt 1 of 2
[2022-06-01 17:13:52,044] {taskinstance.py:1240} INFO - 
--------------------------------------------------------------------------------
[2022-06-01 17:13:52,057] {taskinstance.py:1259} INFO - Executing <Task(PythonOperator): format_to_parquet_task> on 2022-06-01 17:13:46.847973+00:00
[2022-06-01 17:13:52,063] {standard_task_runner.py:52} INFO - Started process 100 to run task
[2022-06-01 17:13:52,068] {standard_task_runner.py:76} INFO - Running: ['***', 'tasks', 'run', 'data_ingestion_gcs_dag', 'format_to_parquet_task', 'manual__2022-06-01T17:13:46.847973+00:00', '--job-id', '70', '--raw', '--subdir', 'DAGS_FOLDER/data_ingestion_gcs_dag.py', '--cfg-path', '/tmp/tmp8wqnadch', '--error-file', '/tmp/tmptx0z6821']
[2022-06-01 17:13:52,069] {standard_task_runner.py:77} INFO - Job 70: Subtask format_to_parquet_task
[2022-06-01 17:13:52,134] {logging_mixin.py:109} INFO - Running <TaskInstance: data_ingestion_gcs_dag.format_to_parquet_task manual__2022-06-01T17:13:46.847973+00:00 [running]> on host 11813f6d9163
[2022-06-01 17:13:52,229] {taskinstance.py:1426} INFO - Exporting the following env vars:
AIRFLOW_CTX_DAG_OWNER=***
AIRFLOW_CTX_DAG_ID=data_ingestion_gcs_dag
AIRFLOW_CTX_TASK_ID=format_to_parquet_task
AIRFLOW_CTX_EXECUTION_DATE=2022-06-01T17:13:46.847973+00:00
AIRFLOW_CTX_DAG_RUN_ID=manual__2022-06-01T17:13:46.847973+00:00
[2022-06-01 17:13:53,768] {python.py:175} INFO - Done. Returned value was: None
[2022-06-01 17:13:53,783] {taskinstance.py:1277} INFO - Marking task as SUCCESS. dag_id=data_ingestion_gcs_dag, task_id=format_to_parquet_task, execution_date=20220601T171346, start_date=20220601T171352, end_date=20220601T171353
[2022-06-01 17:13:53,851] {local_task_job.py:154} INFO - Task exited with return code 0
[2022-06-01 17:13:53,901] {local_task_job.py:264} INFO - 1 downstream tasks scheduled from follow-on schedule check
