[2022-06-01 19:04:51,171] {taskinstance.py:1032} INFO - Dependencies all met for <TaskInstance: data_ingestion_gcs_dag.download_dataset_task manual__2022-06-01T19:04:48.307363+00:00 [queued]>
[2022-06-01 19:04:51,188] {taskinstance.py:1032} INFO - Dependencies all met for <TaskInstance: data_ingestion_gcs_dag.download_dataset_task manual__2022-06-01T19:04:48.307363+00:00 [queued]>
[2022-06-01 19:04:51,188] {taskinstance.py:1238} INFO - 
--------------------------------------------------------------------------------
[2022-06-01 19:04:51,188] {taskinstance.py:1239} INFO - Starting attempt 1 of 2
[2022-06-01 19:04:51,189] {taskinstance.py:1240} INFO - 
--------------------------------------------------------------------------------
[2022-06-01 19:04:51,204] {taskinstance.py:1259} INFO - Executing <Task(BashOperator): download_dataset_task> on 2022-06-01 19:04:48.307363+00:00
[2022-06-01 19:04:51,210] {standard_task_runner.py:52} INFO - Started process 103 to run task
[2022-06-01 19:04:51,215] {standard_task_runner.py:76} INFO - Running: ['***', 'tasks', 'run', 'data_ingestion_gcs_dag', 'download_dataset_task', 'manual__2022-06-01T19:04:48.307363+00:00', '--job-id', '98', '--raw', '--subdir', 'DAGS_FOLDER/data_ingestion_gcs_dag.py', '--cfg-path', '/tmp/tmptzwh9ml9', '--error-file', '/tmp/tmpbwjp_qe5']
[2022-06-01 19:04:51,216] {standard_task_runner.py:77} INFO - Job 98: Subtask download_dataset_task
[2022-06-01 19:04:51,284] {logging_mixin.py:109} INFO - Running <TaskInstance: data_ingestion_gcs_dag.download_dataset_task manual__2022-06-01T19:04:48.307363+00:00 [running]> on host 7a3e706deb2e
[2022-06-01 19:04:51,354] {taskinstance.py:1426} INFO - Exporting the following env vars:
AIRFLOW_CTX_DAG_OWNER=***
AIRFLOW_CTX_DAG_ID=data_ingestion_gcs_dag
AIRFLOW_CTX_TASK_ID=download_dataset_task
AIRFLOW_CTX_EXECUTION_DATE=2022-06-01T19:04:48.307363+00:00
AIRFLOW_CTX_DAG_RUN_ID=manual__2022-06-01T19:04:48.307363+00:00
[2022-06-01 19:04:51,355] {subprocess.py:62} INFO - Tmp dir root location: 
 /tmp
[2022-06-01 19:04:51,356] {subprocess.py:74} INFO - Running command: ['bash', '-c', 'curl -sSL https://s3.amazonaws.com/nyc-tlc/csv_backup/yellow_tripdata_2021-01.csv > /opt/***/yellow_tripdata_2021-01.csv']
[2022-06-01 19:04:51,372] {subprocess.py:85} INFO - Output:
[2022-06-01 19:04:53,741] {subprocess.py:93} INFO - Command exited with return code 0
[2022-06-01 19:04:53,779] {taskinstance.py:1277} INFO - Marking task as SUCCESS. dag_id=data_ingestion_gcs_dag, task_id=download_dataset_task, execution_date=20220601T190448, start_date=20220601T190451, end_date=20220601T190453
[2022-06-01 19:04:53,836] {local_task_job.py:154} INFO - Task exited with return code 0
[2022-06-01 19:04:53,884] {local_task_job.py:264} INFO - 1 downstream tasks scheduled from follow-on schedule check
