[2022-06-01 17:24:20,181] {taskinstance.py:1032} INFO - Dependencies all met for <TaskInstance: data_ingestion_gcs_dag.download_dataset_task manual__2022-06-01T17:24:18.780229+00:00 [queued]>
[2022-06-01 17:24:20,194] {taskinstance.py:1032} INFO - Dependencies all met for <TaskInstance: data_ingestion_gcs_dag.download_dataset_task manual__2022-06-01T17:24:18.780229+00:00 [queued]>
[2022-06-01 17:24:20,194] {taskinstance.py:1238} INFO - 
--------------------------------------------------------------------------------
[2022-06-01 17:24:20,194] {taskinstance.py:1239} INFO - Starting attempt 1 of 2
[2022-06-01 17:24:20,194] {taskinstance.py:1240} INFO - 
--------------------------------------------------------------------------------
[2022-06-01 17:24:20,209] {taskinstance.py:1259} INFO - Executing <Task(BashOperator): download_dataset_task> on 2022-06-01 17:24:18.780229+00:00
[2022-06-01 17:24:20,215] {standard_task_runner.py:52} INFO - Started process 164 to run task
[2022-06-01 17:24:20,221] {standard_task_runner.py:76} INFO - Running: ['***', 'tasks', 'run', 'data_ingestion_gcs_dag', 'download_dataset_task', 'manual__2022-06-01T17:24:18.780229+00:00', '--job-id', '75', '--raw', '--subdir', 'DAGS_FOLDER/data_ingestion_gcs_dag.py', '--cfg-path', '/tmp/tmppkciojrk', '--error-file', '/tmp/tmp01r5dff9']
[2022-06-01 17:24:20,222] {standard_task_runner.py:77} INFO - Job 75: Subtask download_dataset_task
[2022-06-01 17:24:20,297] {logging_mixin.py:109} INFO - Running <TaskInstance: data_ingestion_gcs_dag.download_dataset_task manual__2022-06-01T17:24:18.780229+00:00 [running]> on host c452a0e790ad
[2022-06-01 17:24:20,364] {taskinstance.py:1426} INFO - Exporting the following env vars:
AIRFLOW_CTX_DAG_OWNER=***
AIRFLOW_CTX_DAG_ID=data_ingestion_gcs_dag
AIRFLOW_CTX_TASK_ID=download_dataset_task
AIRFLOW_CTX_EXECUTION_DATE=2022-06-01T17:24:18.780229+00:00
AIRFLOW_CTX_DAG_RUN_ID=manual__2022-06-01T17:24:18.780229+00:00
[2022-06-01 17:24:20,366] {subprocess.py:62} INFO - Tmp dir root location: 
 /tmp
[2022-06-01 17:24:20,367] {subprocess.py:74} INFO - Running command: ['bash', '-c', 'curl -sSL https://s3.amazonaws.com/nyc-tlc/csv_backup/yellow_tripdata_2021-01.csv > /opt/***/yellow_tripdata_2021-01.csv']
[2022-06-01 17:24:20,382] {subprocess.py:85} INFO - Output:
[2022-06-01 17:24:22,473] {subprocess.py:93} INFO - Command exited with return code 0
[2022-06-01 17:24:22,507] {taskinstance.py:1277} INFO - Marking task as SUCCESS. dag_id=data_ingestion_gcs_dag, task_id=download_dataset_task, execution_date=20220601T172418, start_date=20220601T172420, end_date=20220601T172422
[2022-06-01 17:24:22,565] {local_task_job.py:154} INFO - Task exited with return code 0
[2022-06-01 17:24:22,618] {local_task_job.py:264} INFO - 1 downstream tasks scheduled from follow-on schedule check
