[2022-06-01 19:11:58,274] {taskinstance.py:1032} INFO - Dependencies all met for <TaskInstance: data_ingestion_gcs_dag.format_to_parquet_task manual__2022-06-01T19:11:53.096580+00:00 [queued]>
[2022-06-01 19:11:58,287] {taskinstance.py:1032} INFO - Dependencies all met for <TaskInstance: data_ingestion_gcs_dag.format_to_parquet_task manual__2022-06-01T19:11:53.096580+00:00 [queued]>
[2022-06-01 19:11:58,288] {taskinstance.py:1238} INFO - 
--------------------------------------------------------------------------------
[2022-06-01 19:11:58,288] {taskinstance.py:1239} INFO - Starting attempt 1 of 2
[2022-06-01 19:11:58,288] {taskinstance.py:1240} INFO - 
--------------------------------------------------------------------------------
[2022-06-01 19:11:58,303] {taskinstance.py:1259} INFO - Executing <Task(PythonOperator): format_to_parquet_task> on 2022-06-01 19:11:53.096580+00:00
[2022-06-01 19:11:58,309] {standard_task_runner.py:52} INFO - Started process 425 to run task
[2022-06-01 19:11:58,316] {standard_task_runner.py:76} INFO - Running: ['***', 'tasks', 'run', 'data_ingestion_gcs_dag', 'format_to_parquet_task', 'manual__2022-06-01T19:11:53.096580+00:00', '--job-id', '103', '--raw', '--subdir', 'DAGS_FOLDER/data_ingestion_gcs_dag.py', '--cfg-path', '/tmp/tmp1qjc9jex', '--error-file', '/tmp/tmpcp_jwp6i']
[2022-06-01 19:11:58,317] {standard_task_runner.py:77} INFO - Job 103: Subtask format_to_parquet_task
[2022-06-01 19:11:58,381] {logging_mixin.py:109} INFO - Running <TaskInstance: data_ingestion_gcs_dag.format_to_parquet_task manual__2022-06-01T19:11:53.096580+00:00 [running]> on host 7a3e706deb2e
[2022-06-01 19:11:58,445] {taskinstance.py:1426} INFO - Exporting the following env vars:
AIRFLOW_CTX_DAG_OWNER=***
AIRFLOW_CTX_DAG_ID=data_ingestion_gcs_dag
AIRFLOW_CTX_TASK_ID=format_to_parquet_task
AIRFLOW_CTX_EXECUTION_DATE=2022-06-01T19:11:53.096580+00:00
AIRFLOW_CTX_DAG_RUN_ID=manual__2022-06-01T19:11:53.096580+00:00
[2022-06-01 19:12:00,420] {python.py:175} INFO - Done. Returned value was: None
[2022-06-01 19:12:00,440] {taskinstance.py:1277} INFO - Marking task as SUCCESS. dag_id=data_ingestion_gcs_dag, task_id=format_to_parquet_task, execution_date=20220601T191153, start_date=20220601T191158, end_date=20220601T191200
[2022-06-01 19:12:00,516] {local_task_job.py:154} INFO - Task exited with return code 0
[2022-06-01 19:12:00,579] {local_task_job.py:264} INFO - 1 downstream tasks scheduled from follow-on schedule check
