[2022-06-01 17:24:24,284] {taskinstance.py:1032} INFO - Dependencies all met for <TaskInstance: data_ingestion_gcs_dag.format_to_parquet_task manual__2022-06-01T17:24:18.780229+00:00 [queued]>
[2022-06-01 17:24:24,300] {taskinstance.py:1032} INFO - Dependencies all met for <TaskInstance: data_ingestion_gcs_dag.format_to_parquet_task manual__2022-06-01T17:24:18.780229+00:00 [queued]>
[2022-06-01 17:24:24,301] {taskinstance.py:1238} INFO - 
--------------------------------------------------------------------------------
[2022-06-01 17:24:24,301] {taskinstance.py:1239} INFO - Starting attempt 1 of 2
[2022-06-01 17:24:24,301] {taskinstance.py:1240} INFO - 
--------------------------------------------------------------------------------
[2022-06-01 17:24:24,316] {taskinstance.py:1259} INFO - Executing <Task(PythonOperator): format_to_parquet_task> on 2022-06-01 17:24:18.780229+00:00
[2022-06-01 17:24:24,325] {standard_task_runner.py:52} INFO - Started process 180 to run task
[2022-06-01 17:24:24,335] {standard_task_runner.py:76} INFO - Running: ['***', 'tasks', 'run', 'data_ingestion_gcs_dag', 'format_to_parquet_task', 'manual__2022-06-01T17:24:18.780229+00:00', '--job-id', '76', '--raw', '--subdir', 'DAGS_FOLDER/data_ingestion_gcs_dag.py', '--cfg-path', '/tmp/tmpbxekaz52', '--error-file', '/tmp/tmpmhstscvp']
[2022-06-01 17:24:24,337] {standard_task_runner.py:77} INFO - Job 76: Subtask format_to_parquet_task
[2022-06-01 17:24:24,436] {logging_mixin.py:109} INFO - Running <TaskInstance: data_ingestion_gcs_dag.format_to_parquet_task manual__2022-06-01T17:24:18.780229+00:00 [running]> on host c452a0e790ad
[2022-06-01 17:24:24,510] {taskinstance.py:1426} INFO - Exporting the following env vars:
AIRFLOW_CTX_DAG_OWNER=***
AIRFLOW_CTX_DAG_ID=data_ingestion_gcs_dag
AIRFLOW_CTX_TASK_ID=format_to_parquet_task
AIRFLOW_CTX_EXECUTION_DATE=2022-06-01T17:24:18.780229+00:00
AIRFLOW_CTX_DAG_RUN_ID=manual__2022-06-01T17:24:18.780229+00:00
[2022-06-01 17:24:26,614] {python.py:175} INFO - Done. Returned value was: None
[2022-06-01 17:24:26,631] {taskinstance.py:1277} INFO - Marking task as SUCCESS. dag_id=data_ingestion_gcs_dag, task_id=format_to_parquet_task, execution_date=20220601T172418, start_date=20220601T172424, end_date=20220601T172426
[2022-06-01 17:24:26,728] {local_task_job.py:154} INFO - Task exited with return code 0
[2022-06-01 17:24:26,786] {local_task_job.py:264} INFO - 1 downstream tasks scheduled from follow-on schedule check
