[2022-06-01 16:52:04,020] {taskinstance.py:1032} INFO - Dependencies all met for <TaskInstance: data_ingestion_gcs_dag.download_dataset_task manual__2022-06-01T16:43:41.692329+00:00 [queued]>
[2022-06-01 16:52:04,037] {taskinstance.py:1032} INFO - Dependencies all met for <TaskInstance: data_ingestion_gcs_dag.download_dataset_task manual__2022-06-01T16:43:41.692329+00:00 [queued]>
[2022-06-01 16:52:04,037] {taskinstance.py:1238} INFO - 
--------------------------------------------------------------------------------
[2022-06-01 16:52:04,038] {taskinstance.py:1239} INFO - Starting attempt 1 of 2
[2022-06-01 16:52:04,038] {taskinstance.py:1240} INFO - 
--------------------------------------------------------------------------------
[2022-06-01 16:52:04,057] {taskinstance.py:1259} INFO - Executing <Task(BashOperator): download_dataset_task> on 2022-06-01 16:43:41.692329+00:00
[2022-06-01 16:52:04,064] {standard_task_runner.py:52} INFO - Started process 841 to run task
[2022-06-01 16:52:04,071] {standard_task_runner.py:76} INFO - Running: ['***', 'tasks', 'run', 'data_ingestion_gcs_dag', 'download_dataset_task', 'manual__2022-06-01T16:43:41.692329+00:00', '--job-id', '51', '--raw', '--subdir', 'DAGS_FOLDER/data_ingestion_gcs_dag.py', '--cfg-path', '/tmp/tmp7ndazz1a', '--error-file', '/tmp/tmpavm84k76']
[2022-06-01 16:52:04,072] {standard_task_runner.py:77} INFO - Job 51: Subtask download_dataset_task
[2022-06-01 16:52:04,155] {logging_mixin.py:109} INFO - Running <TaskInstance: data_ingestion_gcs_dag.download_dataset_task manual__2022-06-01T16:43:41.692329+00:00 [running]> on host 538ff86374f5
[2022-06-01 16:52:04,242] {taskinstance.py:1426} INFO - Exporting the following env vars:
AIRFLOW_CTX_DAG_OWNER=***
AIRFLOW_CTX_DAG_ID=data_ingestion_gcs_dag
AIRFLOW_CTX_TASK_ID=download_dataset_task
AIRFLOW_CTX_EXECUTION_DATE=2022-06-01T16:43:41.692329+00:00
AIRFLOW_CTX_DAG_RUN_ID=manual__2022-06-01T16:43:41.692329+00:00
[2022-06-01 16:52:04,244] {subprocess.py:62} INFO - Tmp dir root location: 
 /tmp
[2022-06-01 16:52:04,245] {subprocess.py:74} INFO - Running command: ['bash', '-c', 'curl -sSL https://s3.amazonaws.com/nyc-tlc/csv_backup/yellow_tripdata_2021-01.csv > /opt/***/yellow_tripdata_2021-01.csv']
[2022-06-01 16:52:04,264] {subprocess.py:85} INFO - Output:
[2022-06-01 16:52:06,870] {subprocess.py:93} INFO - Command exited with return code 0
[2022-06-01 16:52:06,978] {taskinstance.py:1277} INFO - Marking task as SUCCESS. dag_id=data_ingestion_gcs_dag, task_id=download_dataset_task, execution_date=20220601T164341, start_date=20220601T165204, end_date=20220601T165206
[2022-06-01 16:52:07,016] {local_task_job.py:154} INFO - Task exited with return code 0
[2022-06-01 16:52:07,083] {local_task_job.py:264} INFO - 1 downstream tasks scheduled from follow-on schedule check
