[2022-06-01 16:57:24,320] {taskinstance.py:1032} INFO - Dependencies all met for <TaskInstance: data_ingestion_gcs_dag.format_to_parquet_task manual__2022-06-01T16:49:31.529595+00:00 [queued]>
[2022-06-01 16:57:24,333] {taskinstance.py:1032} INFO - Dependencies all met for <TaskInstance: data_ingestion_gcs_dag.format_to_parquet_task manual__2022-06-01T16:49:31.529595+00:00 [queued]>
[2022-06-01 16:57:24,333] {taskinstance.py:1238} INFO - 
--------------------------------------------------------------------------------
[2022-06-01 16:57:24,333] {taskinstance.py:1239} INFO - Starting attempt 1 of 2
[2022-06-01 16:57:24,333] {taskinstance.py:1240} INFO - 
--------------------------------------------------------------------------------
[2022-06-01 16:57:24,346] {taskinstance.py:1259} INFO - Executing <Task(PythonOperator): format_to_parquet_task> on 2022-06-01 16:49:31.529595+00:00
[2022-06-01 16:57:24,353] {standard_task_runner.py:52} INFO - Started process 136 to run task
[2022-06-01 16:57:24,359] {standard_task_runner.py:76} INFO - Running: ['***', 'tasks', 'run', 'data_ingestion_gcs_dag', 'format_to_parquet_task', 'manual__2022-06-01T16:49:31.529595+00:00', '--job-id', '58', '--raw', '--subdir', 'DAGS_FOLDER/data_ingestion_gcs_dag.py', '--cfg-path', '/tmp/tmpxjqcv00u', '--error-file', '/tmp/tmpavr0mtda']
[2022-06-01 16:57:24,360] {standard_task_runner.py:77} INFO - Job 58: Subtask format_to_parquet_task
[2022-06-01 16:57:24,424] {logging_mixin.py:109} INFO - Running <TaskInstance: data_ingestion_gcs_dag.format_to_parquet_task manual__2022-06-01T16:49:31.529595+00:00 [running]> on host fc906fd76b21
[2022-06-01 16:57:24,486] {taskinstance.py:1426} INFO - Exporting the following env vars:
AIRFLOW_CTX_DAG_OWNER=***
AIRFLOW_CTX_DAG_ID=data_ingestion_gcs_dag
AIRFLOW_CTX_TASK_ID=format_to_parquet_task
AIRFLOW_CTX_EXECUTION_DATE=2022-06-01T16:49:31.529595+00:00
AIRFLOW_CTX_DAG_RUN_ID=manual__2022-06-01T16:49:31.529595+00:00
[2022-06-01 16:57:26,581] {python.py:175} INFO - Done. Returned value was: None
[2022-06-01 16:57:26,600] {taskinstance.py:1277} INFO - Marking task as SUCCESS. dag_id=data_ingestion_gcs_dag, task_id=format_to_parquet_task, execution_date=20220601T164931, start_date=20220601T165724, end_date=20220601T165726
[2022-06-01 16:57:26,718] {local_task_job.py:154} INFO - Task exited with return code 0
[2022-06-01 16:57:26,772] {local_task_job.py:264} INFO - 1 downstream tasks scheduled from follow-on schedule check
