[2022-06-01 19:11:54,280] {taskinstance.py:1032} INFO - Dependencies all met for <TaskInstance: data_ingestion_gcs_dag.download_dataset_task manual__2022-06-01T19:11:53.096580+00:00 [queued]>
[2022-06-01 19:11:54,293] {taskinstance.py:1032} INFO - Dependencies all met for <TaskInstance: data_ingestion_gcs_dag.download_dataset_task manual__2022-06-01T19:11:53.096580+00:00 [queued]>
[2022-06-01 19:11:54,293] {taskinstance.py:1238} INFO - 
--------------------------------------------------------------------------------
[2022-06-01 19:11:54,293] {taskinstance.py:1239} INFO - Starting attempt 1 of 2
[2022-06-01 19:11:54,293] {taskinstance.py:1240} INFO - 
--------------------------------------------------------------------------------
[2022-06-01 19:11:54,307] {taskinstance.py:1259} INFO - Executing <Task(BashOperator): download_dataset_task> on 2022-06-01 19:11:53.096580+00:00
[2022-06-01 19:11:54,314] {standard_task_runner.py:52} INFO - Started process 410 to run task
[2022-06-01 19:11:54,320] {standard_task_runner.py:76} INFO - Running: ['***', 'tasks', 'run', 'data_ingestion_gcs_dag', 'download_dataset_task', 'manual__2022-06-01T19:11:53.096580+00:00', '--job-id', '102', '--raw', '--subdir', 'DAGS_FOLDER/data_ingestion_gcs_dag.py', '--cfg-path', '/tmp/tmpr3s6f4rp', '--error-file', '/tmp/tmp2x5tvp3u']
[2022-06-01 19:11:54,321] {standard_task_runner.py:77} INFO - Job 102: Subtask download_dataset_task
[2022-06-01 19:11:54,385] {logging_mixin.py:109} INFO - Running <TaskInstance: data_ingestion_gcs_dag.download_dataset_task manual__2022-06-01T19:11:53.096580+00:00 [running]> on host 7a3e706deb2e
[2022-06-01 19:11:54,447] {taskinstance.py:1426} INFO - Exporting the following env vars:
AIRFLOW_CTX_DAG_OWNER=***
AIRFLOW_CTX_DAG_ID=data_ingestion_gcs_dag
AIRFLOW_CTX_TASK_ID=download_dataset_task
AIRFLOW_CTX_EXECUTION_DATE=2022-06-01T19:11:53.096580+00:00
AIRFLOW_CTX_DAG_RUN_ID=manual__2022-06-01T19:11:53.096580+00:00
[2022-06-01 19:11:54,449] {subprocess.py:62} INFO - Tmp dir root location: 
 /tmp
[2022-06-01 19:11:54,450] {subprocess.py:74} INFO - Running command: ['bash', '-c', 'curl -sSL https://s3.amazonaws.com/nyc-tlc/csv_backup/yellow_tripdata_2021-01.csv > /opt/***/yellow_tripdata_2021-01.csv']
[2022-06-01 19:11:54,463] {subprocess.py:85} INFO - Output:
[2022-06-01 19:11:56,909] {subprocess.py:93} INFO - Command exited with return code 0
[2022-06-01 19:11:57,069] {taskinstance.py:1277} INFO - Marking task as SUCCESS. dag_id=data_ingestion_gcs_dag, task_id=download_dataset_task, execution_date=20220601T191153, start_date=20220601T191154, end_date=20220601T191157
[2022-06-01 19:11:57,104] {local_task_job.py:154} INFO - Task exited with return code 0
[2022-06-01 19:11:57,154] {local_task_job.py:264} INFO - 1 downstream tasks scheduled from follow-on schedule check
