[2022-06-01 19:46:18,256] {taskinstance.py:1032} INFO - Dependencies all met for <TaskInstance: data_ingestion_gcs_dag.download_dataset_task manual__2022-06-01T19:46:15.216564+00:00 [queued]>
[2022-06-01 19:46:18,268] {taskinstance.py:1032} INFO - Dependencies all met for <TaskInstance: data_ingestion_gcs_dag.download_dataset_task manual__2022-06-01T19:46:15.216564+00:00 [queued]>
[2022-06-01 19:46:18,268] {taskinstance.py:1238} INFO - 
--------------------------------------------------------------------------------
[2022-06-01 19:46:18,268] {taskinstance.py:1239} INFO - Starting attempt 1 of 2
[2022-06-01 19:46:18,268] {taskinstance.py:1240} INFO - 
--------------------------------------------------------------------------------
[2022-06-01 19:46:18,284] {taskinstance.py:1259} INFO - Executing <Task(BashOperator): download_dataset_task> on 2022-06-01 19:46:15.216564+00:00
[2022-06-01 19:46:18,290] {standard_task_runner.py:52} INFO - Started process 98 to run task
[2022-06-01 19:46:18,295] {standard_task_runner.py:76} INFO - Running: ['***', 'tasks', 'run', 'data_ingestion_gcs_dag', 'download_dataset_task', 'manual__2022-06-01T19:46:15.216564+00:00', '--job-id', '121', '--raw', '--subdir', 'DAGS_FOLDER/data_ingestion_gcs_dag.py', '--cfg-path', '/tmp/tmpp82z6hca', '--error-file', '/tmp/tmpta_4f0dj']
[2022-06-01 19:46:18,296] {standard_task_runner.py:77} INFO - Job 121: Subtask download_dataset_task
[2022-06-01 19:46:18,362] {logging_mixin.py:109} INFO - Running <TaskInstance: data_ingestion_gcs_dag.download_dataset_task manual__2022-06-01T19:46:15.216564+00:00 [running]> on host c6ce1cfb757b
[2022-06-01 19:46:18,426] {taskinstance.py:1426} INFO - Exporting the following env vars:
AIRFLOW_CTX_DAG_OWNER=***
AIRFLOW_CTX_DAG_ID=data_ingestion_gcs_dag
AIRFLOW_CTX_TASK_ID=download_dataset_task
AIRFLOW_CTX_EXECUTION_DATE=2022-06-01T19:46:15.216564+00:00
AIRFLOW_CTX_DAG_RUN_ID=manual__2022-06-01T19:46:15.216564+00:00
[2022-06-01 19:46:18,427] {subprocess.py:62} INFO - Tmp dir root location: 
 /tmp
[2022-06-01 19:46:18,428] {subprocess.py:74} INFO - Running command: ['bash', '-c', 'curl -sSL https://s3.amazonaws.com/nyc-tlc/csv_backup/yellow_tripdata_2021-01.csv > /opt/***/yellow_tripdata_2021-01.csv']
[2022-06-01 19:46:18,442] {subprocess.py:85} INFO - Output:
[2022-06-01 19:46:20,167] {subprocess.py:93} INFO - Command exited with return code 0
[2022-06-01 19:46:20,199] {taskinstance.py:1277} INFO - Marking task as SUCCESS. dag_id=data_ingestion_gcs_dag, task_id=download_dataset_task, execution_date=20220601T194615, start_date=20220601T194618, end_date=20220601T194620
[2022-06-01 19:46:20,237] {local_task_job.py:154} INFO - Task exited with return code 0
[2022-06-01 19:46:20,314] {local_task_job.py:264} INFO - 1 downstream tasks scheduled from follow-on schedule check
